Using pre-set license
Built from '2021.1/staging' branch; Version is '2021.1.9f1 (7a790e367ab3) revision 8026382'; Using compiler version '192528614'; Build Type 'Release'
OS: 'Windows 10 Home; OS build 19042.985; Version 2009; 64bit' Language: 'es' Physical Memory: 7997 MB
BatchMode: 1, IsHumanControllingUs: 0, StartBugReporterOnCrash: 0, Is64bit: 1, IsPro: 0

 COMMAND LINE ARGUMENTS:
C:\Program Files\Unity\Hub\Editor\2021.1.9f1\Editor\Unity.exe
-adb2
-batchMode
-noUpm
-name
AssetImportWorker177
-projectPath
C:/Users/larda/Desktop/Cursos/Don-Pachi/Plataformas
-logFile
Logs/AssetImportWorker177.log
-srvPort
50052
Successfully changed project path to: C:/Users/larda/Desktop/Cursos/Don-Pachi/Plataformas
C:/Users/larda/Desktop/Cursos/Don-Pachi/Plataformas
Using Asset Import Pipeline V2.
Assertion failed on expression: 'm_ErrorCode == MDB_MAP_RESIZED || !HasAbortingErrors()'

received signal from system: SIGSEGV
Stack trace:
0x00007ff79d958f2c (Unity) StackWalker::GetCurrentCallstack
0x00007ff79d95f0c9 (Unity) StackWalker::ShowCallstack
0x00007ff79e153e83 (Unity) GetStacktrace
0x00007ff79d958610 (Unity) winutils::CrashHandler::DefaultSignalHandler
0x00007ff79fce012e (Unity) seh_filter_exe
0x00007ff79fda8a6d (Unity) `__scrt_common_main_seh'::`1'::filt$0
0x00007ff79fcad008 (Unity) _C_specific_handler
0x00007ffbeec9217f (ntdll) _chkstk
0x00007ffbeec41454 (ntdll) RtlRaiseException
0x00007ffbeec90cae (ntdll) KiUserExceptionDispatcher
0x00007ff79e27e26b (Unity) SourceAssetDBReadTxn::SourceAssetDBReadTxn
0x00007ff79e24c506 (Unity) SyncAssetFoldersWithDB
0x00007ff79e23b6dd (Unity) InitializeAssetDatabaseV2
0x00007ff79e1d9865 (Unity) AssetDatabase::InitializeAssetDatabase
0x00007ff79dd4cc00 (Unity) Application::InitializeProject
0x00007ff79e15d527 (Unity) WinMain
0x00007ff79fc8a842 (Unity) __scrt_common_main_seh
0x00007ffbecec7034 (KERNEL32) BaseThreadInitThunk
0x00007ffbeec42651 (ntdll) RtlUserThreadStart

